In file included from ../ext/bson.cc:36:
In file included from ../ext/bson.h:17:
In file included from ../../../../nan/nan.h:82:
../../../../nan/nan_new.h:24:43: error: no member named 'Handle' in namespace 'v8'
template <typename T> v8::Local<T> To(v8::Handle<v8::Integer> i);
                                      ~~~~^
../../../../nan/nan_new.h:24:61: error: expected '(' for function-style cast or type construction
template <typename T> v8::Local<T> To(v8::Handle<v8::Integer> i);
                                                 ~~~~~~~~~~~^
../../../../nan/nan_new.h:24:63: error: use of undeclared identifier 'i'
template <typename T> v8::Local<T> To(v8::Handle<v8::Integer> i);
                                                              ^
../../../../nan/nan_new.h:29:21: error: no template named 'Handle' in namespace 'v8'
To<v8::Integer>(v8::Handle<v8::Integer> i) { return i->ToInteger(); }
                ~~~~^
../../../../nan/nan_new.h:34:19: error: no template named 'Handle' in namespace 'v8'
To<v8::Int32>(v8::Handle<v8::Integer> i)   { return i->ToInt32(); }
              ~~~~^
../../../../nan/nan_new.h:39:20: error: no template named 'Handle' in namespace 'v8'
To<v8::Uint32>(v8::Handle<v8::Integer> i)  { return i->ToUint32(); }
               ~~~~^
../../../../nan/nan_new.h:66:12: error: no template named 'Handle' in namespace 'v8'
     , v8::Handle<v8::ObjectTemplate> tmpl = v8::Handle<v8::ObjectTemplate>()
       ~~~~^
../../../../nan/nan_new.h:67:12: error: no template named 'Handle' in namespace 'v8'
     , v8::Handle<v8::Value> obj = v8::Handle<v8::Value>());
       ~~~~^
../../../../nan/nan_new.h:66:50: error: no member named 'Handle' in namespace 'v8'
     , v8::Handle<v8::ObjectTemplate> tmpl = v8::Handle<v8::ObjectTemplate>()
                                             ~~~~^
../../../../nan/nan_new.h:66:75: error: expected '(' for function-style cast or type construction
     , v8::Handle<v8::ObjectTemplate> tmpl = v8::Handle<v8::ObjectTemplate>()
                                                        ~~~~~~~~~~~~~~~~~~^
../../../../nan/nan_new.h:66:77: error: expected expression
     , v8::Handle<v8::ObjectTemplate> tmpl = v8::Handle<v8::ObjectTemplate>()
                                                                            ^
../../../../nan/nan_new.h:67:40: error: no member named 'Handle' in namespace 'v8'
     , v8::Handle<v8::Value> obj = v8::Handle<v8::Value>());
                                   ~~~~^
../../../../nan/nan_new.h:67:56: error: expected '(' for function-style cast or type construction
     , v8::Handle<v8::Value> obj = v8::Handle<v8::Value>());
                                              ~~~~~~~~~^
../../../../nan/nan_new.h:67:58: error: expected expression
     , v8::Handle<v8::Value> obj = v8::Handle<v8::Value>());
                                                         ^
../../../../nan/nan_new.h:85:12: error: no template named 'Handle' in namespace 'v8'
     , v8::Handle<v8::Value> data = v8::Handle<v8::Value>());
       ~~~~^
../../../../nan/nan_new.h:85:41: error: no member named 'Handle' in namespace 'v8'
     , v8::Handle<v8::Value> data = v8::Handle<v8::Value>());
                                    ~~~~^
../../../../nan/nan_new.h:85:57: error: expected '(' for function-style cast or type construction
     , v8::Handle<v8::Value> data = v8::Handle<v8::Value>());
                                               ~~~~~~~~~^
../../../../nan/nan_new.h:85:59: error: expected expression
     , v8::Handle<v8::Value> data = v8::Handle<v8::Value>());
                                                          ^
../../../../nan/nan_new.h:93:12: error: no template named 'Handle' in namespace 'v8'
     , v8::Handle<v8::Value> data = v8::Handle<v8::Value>()
       ~~~~^
fatal error: too many errors emitted, stopping now [-ferror-limit=]
20 errors generated.
make: *** [Release/obj.target/bson/ext/bson.o] Error 1
gyp ERR! build error 
gyp ERR! stack Error: `make` failed with exit code: 2
gyp ERR! stack     at ChildProcess.onExit (/Users/alexanderleon/.nvm/versions/node/v14.15.1/lib/node_modules/npm/node_modules/node-gyp/lib/build.js:194:23)
gyp ERR! stack     at ChildProcess.emit (events.js:315:20)
gyp ERR! stack     at Process.ChildProcess._handle.onexit (internal/child_process.js:277:12)
gyp ERR! System Darwin 20.2.0
gyp ERR! command "/Users/alexanderleon/.nvm/versions/node/v14.15.1/bin/node" "/Users/alexanderleon/.nvm/versions/node/v14.15.1/lib/node_modules/npm/node_modules/node-gyp/bin/node-gyp.js" "rebuild"
gyp ERR! cwd /Users/alexanderleon/project_tutorials/email_auth_tutorial/email_auth_tutorial_backend/node_modules/passport-mongoose/node_modules/bson
gyp ERR! node -v v14.15.1
gyp ERR! node-gyp -v v5.1.0
gyp ERR! not ok 
